7 Days To Die by The Fun Pimps [version: Unity 2020.3.14f1_d0d1bb862f9d]

mono-2.0-bdwgc.dll caused an Access Violation (0xc0000005)
  in module mono-2.0-bdwgc.dll at 0033:c6d09ff0.

Error occurred at 2022-01-15_170058.
F:\games\7D2D\Alpha20\Undead_Legacy\Undead_Legacy_Experimental\7DaysToDie.exe, run by ovp-win.

17% physical memory in use.
32633 MB physical memory [27024 MB free].
170 MB process peak paging file [151 MB used].
65 MB process peak working set [44 MB used].
System Commit Total/Limit/Peak: 8176MB/34681MB/11498MB
System Physical Total/Available: 32633MB/27024MB
System Process Count: 177
System Thread Count: 2224
System Handle Count: 74610
Disk space data for 'C:\Users\alexp\AppData\Local\Temp\The Fun Pimps\7 Days To Die\Crashes\Crash_2022-01-15_170057306\': 447561551872 bytes free of 527679676416 total.

Read from location 0000000000000040 caused an access violation.

Context:
RDI:    0x00000000000002d2  RSI: 0x00000252d00003d8  RAX:   0x00007ffac6d09ff0
RBX:    0x000000adbdaef120  RCX: 0x0000000000000000  RDX:   0x0000000000000000
RIP:    0x00007ffac6d09ff0  RBP: 0x000000adbdaef220  SegCs: 0x0000000000000033
EFlags: 0x0000000000010206  RSP: 0x000000adbdaef0b8  SegSs: 0x000000000000002b
R8:     0x0000000000000000  R9:  0x0000000000000000  R10:   0x0000000000000000
R11:    0x000000adbdaef080  R12: 0x0000000000000005  R13:   0x00000252d00003d0
R14:    0x0000000000000001  R15: 0x0000000000000003


Bytes at CS:EIP:
48 8b 41 40 c3 cc cc cc cc cc cc cc cc cc cc cc 

Mono DLL loaded successfully at 'F:\games\7D2D\Alpha20\Undead_Legacy\Undead_Legacy_Experimental\MonoBleedingEdge\EmbedRuntime\mono-2.0-bdwgc.dll'.


Stack Trace of Crashed Thread 6796:
0x00007FFAC6D09FF0 (mono-2.0-bdwgc) mono_class_get_image
0x00007FFAC7D18425 (UnityPlayer) scripting_class_get_image
0x00007FFAC7D070DB (UnityPlayer) FillCommonScriptingClasses
0x00007FFAC7D02699 (UnityPlayer) MonoManager::RebuildCommonMonoClasses
0x00007FFAC7CFD9AC (UnityPlayer) MonoManager::AwakeFromLoad
0x00007FFAC7D5AF9D (UnityPlayer) AwakeFromLoadQueue::InvokePersistentManagerAwake
0x00007FFAC7D5B434 (UnityPlayer) AwakeFromLoadQueue::PersistentManagerAwakeFromLoad
0x00007FFAC7D497D7 (UnityPlayer) PersistentManager::IntegrateAllThreadedObjects
0x00007FFAC7D49BE0 (UnityPlayer) PersistentManager::LoadAndIntegrateAllPreallocatedObjects
0x00007FFAC7D4BF01 (UnityPlayer) PersistentManager::ReadObject
0x00007FFAC74F82C1 (UnityPlayer) PPtr<AnimationClip>::operator AnimationClip * __ptr64
0x00007FFAC79C5BF2 (UnityPlayer) PlayerLoadGlobalManagers
0x00007FFAC7BB919B (UnityPlayer) PlayerInitEngineGraphics
0x00007FFAC7971A99 (UnityPlayer) UnityMainImpl
0x00007FFAC79735AB (UnityPlayer) UnityMain
0x00007FF6EFF511F2 (7daystodie) __scrt_common_main_seh
0x00007FFB202C7034 (KERNEL32) BaseThreadInitThunk
0x00007FFB21C62651 (ntdll) RtlUserThreadStart

Stacks for Running Threads:

Call Stack for Thread 3824:
0x00007FFB21CB07C4 (ntdll) ZwWaitForWorkViaWorkerFactory
0x00007FFB21C62DC7 (ntdll) TpReleaseCleanupGroupMembers
0x00007FFB202C7034 (KERNEL32) BaseThreadInitThunk
0x00007FFB21C62651 (ntdll) RtlUserThreadStart


Call Stack for Thread 6864:
0x00007FFB21CB07C4 (ntdll) ZwWaitForWorkViaWorkerFactory
0x00007FFB21C62DC7 (ntdll) TpReleaseCleanupGroupMembers
0x00007FFB202C7034 (KERNEL32) BaseThreadInitThunk
0x00007FFB21C62651 (ntdll) RtlUserThreadStart


Call Stack for Thread 5884:
0x00007FFB21CB07C4 (ntdll) ZwWaitForWorkViaWorkerFactory
0x00007FFB21C62DC7 (ntdll) TpReleaseCleanupGroupMembers
0x00007FFB202C7034 (KERNEL32) BaseThreadInitThunk
0x00007FFB21C62651 (ntdll) RtlUserThreadStart


Call Stack for Thread 8240:
0x00007FFB21CACDF4 (ntdll) NtWaitForSingleObject
0x00007FFB1F6E1A5E (KERNELBASE) WaitForSingleObjectEx
0x00007FFAC6CF5E9F (mono-2.0-bdwgc) mono_conc_hashtable_remove
0x00007FFAC6DE4F0D (mono-2.0-bdwgc) mono_gc_reference_queue_new
0x00007FFAC6DE3D65 (mono-2.0-bdwgc) mono_callspec_parse
0x00007FFAC6DA6BD8 (mono-2.0-bdwgc) mono_unity_managed_callstack
0x00007FFAC6DA6966 (mono-2.0-bdwgc) mono_unity_managed_callstack
0x00007FFB202C7034 (KERNEL32) BaseThreadInitThunk
0x00007FFB21C62651 (ntdll) RtlUserThreadStart


Call Stack for Thread 13172:
0x00007FFB21CACDF4 (ntdll) NtWaitForSingleObject
0x00007FFB1F6E1A5E (KERNELBASE) WaitForSingleObjectEx
0x00007FFAC843C2F2 (UnityPlayer) UnityClassic::Baselib_SystemSemaphore_Acquire
0x00007FFAC7B77977 (UnityPlayer) JobQueue::ProcessJobs
0x00007FFAC7B78E30 (UnityPlayer) JobQueue::WorkLoop
0x00007FFAC7C6C7E8 (UnityPlayer) Thread::RunThreadWrapper
0x00007FFB202C7034 (KERNEL32) BaseThreadInitThunk
0x00007FFB21C62651 (ntdll) RtlUserThreadStart


Call Stack for Thread 6244:
0x00007FFB21CACDF4 (ntdll) NtWaitForSingleObject
0x00007FFB1F6E1A5E (KERNELBASE) WaitForSingleObjectEx
0x00007FFAC843C2F2 (UnityPlayer) UnityClassic::Baselib_SystemSemaphore_Acquire
0x00007FFAC7B77977 (UnityPlayer) JobQueue::ProcessJobs
0x00007FFAC7B78E30 (UnityPlayer) JobQueue::WorkLoop
0x00007FFAC7C6C7E8 (UnityPlayer) Thread::RunThreadWrapper
0x00007FFB202C7034 (KERNEL32) BaseThreadInitThunk
0x00007FFB21C62651 (ntdll) RtlUserThreadStart


Call Stack for Thread 7376:
0x00007FFB21CACDF4 (ntdll) NtWaitForSingleObject
0x00007FFB1F6E1A5E (KERNELBASE) WaitForSingleObjectEx
0x00007FFAC843C2F2 (UnityPlayer) UnityClassic::Baselib_SystemSemaphore_Acquire
0x00007FFAC7B77977 (UnityPlayer) JobQueue::ProcessJobs
0x00007FFAC7B78E30 (UnityPlayer) JobQueue::WorkLoop
0x00007FFAC7C6C7E8 (UnityPlayer) Thread::RunThreadWrapper
0x00007FFB202C7034 (KERNEL32) BaseThreadInitThunk
0x00007FFB21C62651 (ntdll) RtlUserThreadStart


Call Stack for Thread 13056:
0x00007FFB21CACDF4 (ntdll) NtWaitForSingleObject
0x00007FFB1F6E1A5E (KERNELBASE) WaitForSingleObjectEx
0x00007FFAC843C2F2 (UnityPlayer) UnityClassic::Baselib_SystemSemaphore_Acquire
0x00007FFAC7B77977 (UnityPlayer) JobQueue::ProcessJobs
0x00007FFAC7B78E30 (UnityPlayer) JobQueue::WorkLoop
0x00007FFAC7C6C7E8 (UnityPlayer) Thread::RunThreadWrapper
0x00007FFB202C7034 (KERNEL32) BaseThreadInitThunk
0x00007FFB21C62651 (ntdll) RtlUserThreadStart


Call Stack for Thread 12144:
0x00007FFB21CACDF4 (ntdll) NtWaitForSingleObject
0x00007FFB1F6E1A5E (KERNELBASE) WaitForSingleObjectEx
0x00007FFAC843C2F2 (UnityPlayer) UnityClassic::Baselib_SystemSemaphore_Acquire
0x00007FFAC7B77977 (UnityPlayer) JobQueue::ProcessJobs
0x00007FFAC7B78E30 (UnityPlayer) JobQueue::WorkLoop
0x00007FFAC7C6C7E8 (UnityPlayer) Thread::RunThreadWrapper
0x00007FFB202C7034 (KERNEL32) BaseThreadInitThunk
0x00007FFB21C62651 (ntdll) RtlUserThreadStart


Call Stack for Thread 1676:
0x00007FFB21CACDF4 (ntdll) NtWaitForSingleObject
0x00007FFB1F6E1A5E (KERNELBASE) WaitForSingleObjectEx
0x00007FFAC843C2F2 (UnityPlayer) UnityClassic::Baselib_SystemSemaphore_Acquire
0x00007FFAC7B77977 (UnityPlayer) JobQueue::ProcessJobs
0x00007FFAC7B78E30 (UnityPlayer) JobQueue::WorkLoop
0x00007FFAC7C6C7E8 (UnityPlayer) Thread::RunThreadWrapper
0x00007FFB202C7034 (KERNEL32) BaseThreadInitThunk
0x00007FFB21C62651 (ntdll) RtlUserThreadStart


Call Stack for Thread 10256:
0x00007FFB21CACDF4 (ntdll) NtWaitForSingleObject
0x00007FFB1F6E1A5E (KERNELBASE) WaitForSingleObjectEx
0x00007FFAC843C2F2 (UnityPlayer) UnityClassic::Baselib_SystemSemaphore_Acquire
0x00007FFAC7B77977 (UnityPlayer) JobQueue::ProcessJobs
0x00007FFAC7B78E30 (UnityPlayer) JobQueue::WorkLoop
0x00007FFAC7C6C7E8 (UnityPlayer) Thread::RunThreadWrapper
0x00007FFB202C7034 (KERNEL32) BaseThreadInitThunk
0x00007FFB21C62651 (ntdll) RtlUserThreadStart


Call Stack for Thread 1924:
0x00007FFB21CACDF4 (ntdll) NtWaitForSingleObject
0x00007FFB1F6E1A5E (KERNELBASE) WaitForSingleObjectEx
0x00007FFAC843C2F2 (UnityPlayer) UnityClassic::Baselib_SystemSemaphore_Acquire
0x00007FFAC7B77977 (UnityPlayer) JobQueue::ProcessJobs
0x00007FFAC7B78E30 (UnityPlayer) JobQueue::WorkLoop
0x00007FFAC7C6C7E8 (UnityPlayer) Thread::RunThreadWrapper
0x00007FFB202C7034 (KERNEL32) BaseThreadInitThunk
0x00007FFB21C62651 (ntdll) RtlUserThreadStart


Call Stack for Thread 11056:
0x00007FFB21CACDF4 (ntdll) NtWaitForSingleObject
0x00007FFB1F6E1A5E (KERNELBASE) WaitForSingleObjectEx
0x00007FFAC843C2F2 (UnityPlayer) UnityClassic::Baselib_SystemSemaphore_Acquire
0x00007FFAC7B77977 (UnityPlayer) JobQueue::ProcessJobs
0x00007FFAC7B78E30 (UnityPlayer) JobQueue::WorkLoop
0x00007FFAC7C6C7E8 (UnityPlayer) Thread::RunThreadWrapper
0x00007FFB202C7034 (KERNEL32) BaseThreadInitThunk
0x00007FFB21C62651 (ntdll) RtlUserThreadStart


Call Stack for Thread 8464:
0x00007FFB21CACDF4 (ntdll) NtWaitForSingleObject
0x00007FFB1F6E1A5E (KERNELBASE) WaitForSingleObjectEx
0x00007FFAC843C2F2 (UnityPlayer) UnityClassic::Baselib_SystemSemaphore_Acquire
0x00007FFAC7B77977 (UnityPlayer) JobQueue::ProcessJobs
0x00007FFAC7B78E30 (UnityPlayer) JobQueue::WorkLoop
0x00007FFAC7C6C7E8 (UnityPlayer) Thread::RunThreadWrapper
0x00007FFB202C7034 (KERNEL32) BaseThreadInitThunk
0x00007FFB21C62651 (ntdll) RtlUserThreadStart


Call Stack for Thread 4464:
0x00007FFB21CACDF4 (ntdll) NtWaitForSingleObject
0x00007FFB1F6E1A5E (KERNELBASE) WaitForSingleObjectEx
0x00007FFAC843C2F2 (UnityPlayer) UnityClassic::Baselib_SystemSemaphore_Acquire
0x00007FFAC7B77977 (UnityPlayer) JobQueue::ProcessJobs
0x00007FFAC7B78E30 (UnityPlayer) JobQueue::WorkLoop
0x00007FFAC7C6C7E8 (UnityPlayer) Thread::RunThreadWrapper
0x00007FFB202C7034 (KERNEL32) BaseThreadInitThunk
0x00007FFB21C62651 (ntdll) RtlUserThreadStart


Call Stack for Thread 12912:
0x00007FFB21CACDF4 (ntdll) NtWaitForSingleObject
0x00007FFB1F6E1A5E (KERNELBASE) WaitForSingleObjectEx
0x00007FFAC843C2F2 (UnityPlayer) UnityClassic::Baselib_SystemSemaphore_Acquire
0x00007FFAC7B77977 (UnityPlayer) JobQueue::ProcessJobs
0x00007FFAC7B78E30 (UnityPlayer) JobQueue::WorkLoop
0x00007FFAC7C6C7E8 (UnityPlayer) Thread::RunThreadWrapper
0x00007FFB202C7034 (KERNEL32) BaseThreadInitThunk
0x00007FFB21C62651 (ntdll) RtlUserThreadStart


Call Stack for Thread 8196:
0x00007FFB21CACDF4 (ntdll) NtWaitForSingleObject
0x00007FFB1F6E1A5E (KERNELBASE) WaitForSingleObjectEx
0x00007FFAC843C2F2 (UnityPlayer) UnityClassic::Baselib_SystemSemaphore_Acquire
0x00007FFAC7B77977 (UnityPlayer) JobQueue::ProcessJobs
0x00007FFAC7B78E30 (UnityPlayer) JobQueue::WorkLoop
0x00007FFAC7C6C7E8 (UnityPlayer) Thread::RunThreadWrapper
0x00007FFB202C7034 (KERNEL32) BaseThreadInitThunk
0x00007FFB21C62651 (ntdll) RtlUserThreadStart


Call Stack for Thread 2508:
0x00007FFB21CACDF4 (ntdll) NtWaitForSingleObject
0x00007FFB1F6E1A5E (KERNELBASE) WaitForSingleObjectEx
0x00007FFAC843C2F2 (UnityPlayer) UnityClassic::Baselib_SystemSemaphore_Acquire
0x00007FFAC7B77977 (UnityPlayer) JobQueue::ProcessJobs
0x00007FFAC7B78E30 (UnityPlayer) JobQueue::WorkLoop
0x00007FFAC7C6C7E8 (UnityPlayer) Thread::RunThreadWrapper
0x00007FFB202C7034 (KERNEL32) BaseThreadInitThunk
0x00007FFB21C62651 (ntdll) RtlUserThreadStart


Call Stack for Thread 9240:
0x00007FFB21CACDF4 (ntdll) NtWaitForSingleObject
0x00007FFB1F6E1A5E (KERNELBASE) WaitForSingleObjectEx
0x00007FFAC843C2F2 (UnityPlayer) UnityClassic::Baselib_SystemSemaphore_Acquire
0x00007FFAC7B77977 (UnityPlayer) JobQueue::ProcessJobs
0x00007FFAC7B78E30 (UnityPlayer) JobQueue::WorkLoop
0x00007FFAC7C6C7E8 (UnityPlayer) Thread::RunThreadWrapper
0x00007FFB202C7034 (KERNEL32) BaseThreadInitThunk
0x00007FFB21C62651 (ntdll) RtlUserThreadStart


Call Stack for Thread 8628:
0x00007FFB21CACDF4 (ntdll) NtWaitForSingleObject
0x00007FFB1F6E1A5E (KERNELBASE) WaitForSingleObjectEx
0x00007FFAC843C2F2 (UnityPlayer) UnityClassic::Baselib_SystemSemaphore_Acquire
0x00007FFAC7B77977 (UnityPlayer) JobQueue::ProcessJobs
0x00007FFAC7B78E30 (UnityPlayer) JobQueue::WorkLoop
0x00007FFAC7C6C7E8 (UnityPlayer) Thread::RunThreadWrapper
0x00007FFB202C7034 (KERNEL32) BaseThreadInitThunk
0x00007FFB21C62651 (ntdll) RtlUserThreadStart


Call Stack for Thread 5764:
0x00007FFB21CACDF4 (ntdll) NtWaitForSingleObject
0x00007FFB1F6E1A5E (KERNELBASE) WaitForSingleObjectEx
0x00007FFAC843C2F2 (UnityPlayer) UnityClassic::Baselib_SystemSemaphore_Acquire
0x00007FFAC7B77977 (UnityPlayer) JobQueue::ProcessJobs
0x00007FFAC7B78E30 (UnityPlayer) JobQueue::WorkLoop
0x00007FFAC7C6C7E8 (UnityPlayer) Thread::RunThreadWrapper
0x00007FFB202C7034 (KERNEL32) BaseThreadInitThunk
0x00007FFB21C62651 (ntdll) RtlUserThreadStart


Call Stack for Thread 5548:
0x00007FFB21CACDF4 (ntdll) NtWaitForSingleObject
0x00007FFB1F6E1A5E (KERNELBASE) WaitForSingleObjectEx
0x00007FFAC843C2F2 (UnityPlayer) UnityClassic::Baselib_SystemSemaphore_Acquire
0x00007FFAC7B77977 (UnityPlayer) JobQueue::ProcessJobs
0x00007FFAC7B78E30 (UnityPlayer) JobQueue::WorkLoop
0x00007FFAC7C6C7E8 (UnityPlayer) Thread::RunThreadWrapper
0x00007FFB202C7034 (KERNEL32) BaseThreadInitThunk
0x00007FFB21C62651 (ntdll) RtlUserThreadStart


Call Stack for Thread 2708:
0x00007FFB21CACDF4 (ntdll) NtWaitForSingleObject
0x00007FFB1F6E1A5E (KERNELBASE) WaitForSingleObjectEx
0x00007FFAC843C2F2 (UnityPlayer) UnityClassic::Baselib_SystemSemaphore_Acquire
0x00007FFAC7B77977 (UnityPlayer) JobQueue::ProcessJobs
0x00007FFAC7B78E30 (UnityPlayer) JobQueue::WorkLoop
0x00007FFAC7C6C7E8 (UnityPlayer) Thread::RunThreadWrapper
0x00007FFB202C7034 (KERNEL32) BaseThreadInitThunk
0x00007FFB21C62651 (ntdll) RtlUserThreadStart


Call Stack for Thread 1376:
0x00007FFB21CACDF4 (ntdll) NtWaitForSingleObject
0x00007FFB1F6E1A5E (KERNELBASE) WaitForSingleObjectEx
0x00007FFAC843C2F2 (UnityPlayer) UnityClassic::Baselib_SystemSemaphore_Acquire
0x00007FFAC7B77977 (UnityPlayer) JobQueue::ProcessJobs
0x00007FFAC7B78E30 (UnityPlayer) JobQueue::WorkLoop
0x00007FFAC7C6C7E8 (UnityPlayer) Thread::RunThreadWrapper
0x00007FFB202C7034 (KERNEL32) BaseThreadInitThunk
0x00007FFB21C62651 (ntdll) RtlUserThreadStart


Call Stack for Thread 11876:
0x00007FFB21CACDF4 (ntdll) NtWaitForSingleObject
0x00007FFB1F6E1A5E (KERNELBASE) WaitForSingleObjectEx
0x00007FFAC843C2F2 (UnityPlayer) UnityClassic::Baselib_SystemSemaphore_Acquire
0x00007FFAC7B77977 (UnityPlayer) JobQueue::ProcessJobs
0x00007FFAC7B78E30 (UnityPlayer) JobQueue::WorkLoop
0x00007FFAC7C6C7E8 (UnityPlayer) Thread::RunThreadWrapper
0x00007FFB202C7034 (KERNEL32) BaseThreadInitThunk
0x00007FFB21C62651 (ntdll) RtlUserThreadStart


Call Stack for Thread 1588:
0x00007FFB21CACDF4 (ntdll) NtWaitForSingleObject
0x00007FFB1F6E1A5E (KERNELBASE) WaitForSingleObjectEx
0x00007FFAC843C2F2 (UnityPlayer) UnityClassic::Baselib_SystemSemaphore_Acquire
0x00007FFAC7B77977 (UnityPlayer) JobQueue::ProcessJobs
0x00007FFAC7B78E30 (UnityPlayer) JobQueue::WorkLoop
0x00007FFAC7C6C7E8 (UnityPlayer) Thread::RunThreadWrapper
0x00007FFB202C7034 (KERNEL32) BaseThreadInitThunk
0x00007FFB21C62651 (ntdll) RtlUserThreadStart


Call Stack for Thread 6200:
0x00007FFB21CACDF4 (ntdll) NtWaitForSingleObject
0x00007FFB1F6E1A5E (KERNELBASE) WaitForSingleObjectEx
0x00007FFAC843C2F2 (UnityPlayer) UnityClassic::Baselib_SystemSemaphore_Acquire
0x00007FFAC7B77977 (UnityPlayer) JobQueue::ProcessJobs
0x00007FFAC7B78E30 (UnityPlayer) JobQueue::WorkLoop
0x00007FFAC7C6C7E8 (UnityPlayer) Thread::RunThreadWrapper
0x00007FFB202C7034 (KERNEL32) BaseThreadInitThunk
0x00007FFB21C62651 (ntdll) RtlUserThreadStart


Call Stack for Thread 9764:
0x00007FFB21CACDF4 (ntdll) NtWaitForSingleObject
0x00007FFB1F6E1A5E (KERNELBASE) WaitForSingleObjectEx
0x00007FFAC843C2F2 (UnityPlayer) UnityClassic::Baselib_SystemSemaphore_Acquire
0x00007FFAC7C6D71A (UnityPlayer) ThreadedStreamBuffer::HandleOutOfBufferToReadFrom
0x00007FFAC7BA7C8C (UnityPlayer) BatchDeleteStep2Threaded
0x00007FFAC7C6C7E8 (UnityPlayer) Thread::RunThreadWrapper
0x00007FFB202C7034 (KERNEL32) BaseThreadInitThunk
0x00007FFB21C62651 (ntdll) RtlUserThreadStart


Call Stack for Thread 12076:
0x00007FFB21CACDF4 (ntdll) NtWaitForSingleObject
0x00007FFB1F6E1A5E (KERNELBASE) WaitForSingleObjectEx
0x00007FFAC843C2F2 (UnityPlayer) UnityClassic::Baselib_SystemSemaphore_Acquire
0x00007FFAC7A735CE (UnityPlayer) AsyncReadManagerThreaded::StaticThreadEntry
0x00007FFAC7C6C7E8 (UnityPlayer) Thread::RunThreadWrapper
0x00007FFB202C7034 (KERNEL32) BaseThreadInitThunk
0x00007FFB21C62651 (ntdll) RtlUserThreadStart


Call Stack for Thread 13000:
0x00007FFB21CAD8C4 (ntdll) ZwWaitForMultipleObjects
0x00007FFB1F70CB20 (KERNELBASE) WaitForMultipleObjectsEx
0x00007FFB1F57BEE7 (CRYPT32) CertFreeCTLContext
0x00007FFB202C7034 (KERNEL32) BaseThreadInitThunk
0x00007FFB21C62651 (ntdll) RtlUserThreadStart


Call Stack for Thread 7056:
0x00007FFB21CACDF4 (ntdll) NtWaitForSingleObject
0x00007FFB1F6E1A5E (KERNELBASE) WaitForSingleObjectEx
0x00007FFAEB1A31F6 (nvwgf2umx) NVDEV_Thunk
0x00007FFAEBE30F3C (nvwgf2umx) OpenAdapter12
0x00007FFB202C7034 (KERNEL32) BaseThreadInitThunk
0x00007FFB21C62651 (ntdll) RtlUserThreadStart


Call Stack for Thread 12496:
0x00007FFB21CACDF4 (ntdll) NtWaitForSingleObject
0x00007FFB1F6E1A5E (KERNELBASE) WaitForSingleObjectEx
0x00007FFAEB1A31F6 (nvwgf2umx) NVDEV_Thunk
0x00007FFAEBE30F3C (nvwgf2umx) OpenAdapter12
0x00007FFB202C7034 (KERNEL32) BaseThreadInitThunk
0x00007FFB21C62651 (ntdll) RtlUserThreadStart


Call Stack for Thread 5036:
0x00007FFB21CACDF4 (ntdll) NtWaitForSingleObject
0x00007FFB1F6E1A5E (KERNELBASE) WaitForSingleObjectEx
0x00007FFAEB1A31F6 (nvwgf2umx) NVDEV_Thunk
0x00007FFAEBE30F3C (nvwgf2umx) OpenAdapter12
0x00007FFB202C7034 (KERNEL32) BaseThreadInitThunk
0x00007FFB21C62651 (ntdll) RtlUserThreadStart


Call Stack for Thread 10536:
0x00007FFB21CACDF4 (ntdll) NtWaitForSingleObject
0x00007FFB1F6E1A5E (KERNELBASE) WaitForSingleObjectEx
0x00007FFAEB1A31F6 (nvwgf2umx) NVDEV_Thunk
0x00007FFAEBE30F3C (nvwgf2umx) OpenAdapter12
0x00007FFB202C7034 (KERNEL32) BaseThreadInitThunk
0x00007FFB21C62651 (ntdll) RtlUserThreadStart


Call Stack for Thread 3916:
0x00007FFB21CACDF4 (ntdll) NtWaitForSingleObject
0x00007FFB1F6E1A5E (KERNELBASE) WaitForSingleObjectEx
0x00007FFAEB926E42 (nvwgf2umx) NVDEV_Thunk
0x00007FFAEB925E19 (nvwgf2umx) NVDEV_Thunk
0x00007FFAEB91CC7D (nvwgf2umx) NVDEV_Thunk
0x00007FFAEB11AB3A (nvwgf2umx) NVDEV_Thunk
0x00007FFAEBE30F3C (nvwgf2umx) OpenAdapter12
0x00007FFB202C7034 (KERNEL32) BaseThreadInitThunk
0x00007FFB21C62651 (ntdll) RtlUserThreadStart


Call Stack for Thread 8040:
0x00007FFB21CACDF4 (ntdll) NtWaitForSingleObject
0x00007FFB1F6E1A5E (KERNELBASE) WaitForSingleObjectEx
0x00007FFAEB1A31F6 (nvwgf2umx) NVDEV_Thunk
0x00007FFAEBE30F3C (nvwgf2umx) OpenAdapter12
0x00007FFB202C7034 (KERNEL32) BaseThreadInitThunk
0x00007FFB21C62651 (ntdll) RtlUserThreadStart


Call Stack for Thread 8480:
0x00007FFB21CAD8C4 (ntdll) ZwWaitForMultipleObjects
0x00007FFB1F70CB20 (KERNELBASE) WaitForMultipleObjectsEx
0x00007FFB2001B1E6 (combase) RoGetServerActivatableClasses
0x00007FFB2001B060 (combase) RoGetServerActivatableClasses
0x00007FFB2001AE70 (combase) RoGetServerActivatableClasses
0x00007FFB2001ADF9 (combase) RoGetServerActivatableClasses
0x00007FFB202C7034 (KERNEL32) BaseThreadInitThunk
0x00007FFB21C62651 (ntdll) RtlUserThreadStart


Call Stack for Thread 12732:
0x00007FFB21CB07C4 (ntdll) ZwWaitForWorkViaWorkerFactory
0x00007FFB21C62DC7 (ntdll) TpReleaseCleanupGroupMembers
0x00007FFB202C7034 (KERNEL32) BaseThreadInitThunk
0x00007FFB21C62651 (ntdll) RtlUserThreadStart


Call Stack for Thread 6024:
0x00007FFB21CB07C4 (ntdll) ZwWaitForWorkViaWorkerFactory
0x00007FFB21C62DC7 (ntdll) TpReleaseCleanupGroupMembers
0x00007FFB202C7034 (KERNEL32) BaseThreadInitThunk
0x00007FFB21C62651 (ntdll) RtlUserThreadStart


Call Stack for Thread 4592:
0x00007FFB21CACDF4 (ntdll) NtWaitForSingleObject
0x00007FFB1F6E1A5E (KERNELBASE) WaitForSingleObjectEx
0x00007FFAC843C2F2 (UnityPlayer) UnityClassic::Baselib_SystemSemaphore_Acquire
0x00007FFAC7C6D71A (UnityPlayer) ThreadedStreamBuffer::HandleOutOfBufferToReadFrom
0x00007FFAC82CC171 (UnityPlayer) GfxDeviceWorker::RunCommand
0x00007FFAC82D83DB (UnityPlayer) GfxDeviceWorker::RunExt
0x00007FFAC82D84A9 (UnityPlayer) GfxDeviceWorker::RunGfxDeviceWorker
0x00007FFAC7C6C7E8 (UnityPlayer) Thread::RunThreadWrapper
0x00007FFB202C7034 (KERNEL32) BaseThreadInitThunk
0x00007FFB21C62651 (ntdll) RtlUserThreadStart


Call Stack for Thread 2952:
0x00007FFB21CACDF4 (ntdll) NtWaitForSingleObject
0x00007FFB1F6E1A5E (KERNELBASE) WaitForSingleObjectEx
0x00007FFAC855B30A (UnityPlayer) FMOD::OutputWASAPI::feederUpdate
0x00007FFAC855B25E (UnityPlayer) FMOD::OutputWASAPI::feederThreadCallback
0x00007FFAC84E8636 (UnityPlayer) FMOD::Thread::callback
0x00007FFAC89B8D70 (UnityPlayer) thread_start<unsigned int (__cdecl*)(void *),1>
0x00007FFB202C7034 (KERNEL32) BaseThreadInitThunk
0x00007FFB21C62651 (ntdll) RtlUserThreadStart


Call Stack for Thread 11080:
0x00007FFB21CACDF4 (ntdll) NtWaitForSingleObject
0x00007FFB1F6E1A5E (KERNELBASE) WaitForSingleObjectEx
0x00007FFAC853DA35 (UnityPlayer) EnterMeteredSection
0x00007FFAC84E690A (UnityPlayer) FMOD_OS_Semaphore_Wait
0x00007FFAC84E8601 (UnityPlayer) FMOD::Thread::callback
0x00007FFAC89B8D70 (UnityPlayer) thread_start<unsigned int (__cdecl*)(void *),1>
0x00007FFB202C7034 (KERNEL32) BaseThreadInitThunk
0x00007FFB21C62651 (ntdll) RtlUserThreadStart


Call Stack for Thread 5508:
0x00007FFB21CAD3F4 (ntdll) NtDelayExecution
0x00007FFB1F70962E (KERNELBASE) SleepEx
0x00007FFAC84E6ABA (UnityPlayer) FMOD_OS_Time_Sleep
0x00007FFAC84E8664 (UnityPlayer) FMOD::Thread::callback
0x00007FFAC89B8D70 (UnityPlayer) thread_start<unsigned int (__cdecl*)(void *),1>
0x00007FFB202C7034 (KERNEL32) BaseThreadInitThunk
0x00007FFB21C62651 (ntdll) RtlUserThreadStart




Stack Memory [0x000000ADBDAEF0B8-0x000000ADBDB00000]:
0xbdaef0b8: c7d18425 00007ffa 100107a8 00000253 %...........S...
0xbdaef0c8: 00000000 00000000 00000000 00000000 ................
0xbdaef0d8: 00000000 00000000 100107a8 00000253 ............S...
0xbdaef0e8: c7d070db 00007ffa 100107a8 00000253 .p..........S...
0xbdaef0f8: c89eb004 00007ffa d0000a90 00000252 ............R...
0xbdaef108: c79b95cd 00007ffa 100107a8 00000253 ............S...
0xbdaef118: c7d02699 00007ffa bdaef220 000000ad .&...... .......
0xbdaef128: c74f7e60 00007ffa c8de9e00 00007ffa `~O.............
0xbdaef138: c79b47b5 00007ffa 00000001 00000000 .G..............
0xbdaef148: bdaef220 000000ad f0051b78 00000252  .......x...R...
0xbdaef158: c74d56cb 00007ffa f069a130 00000252 .VM.....0.i.R...
0xbdaef168: d0000a08 00000252 00000001 00000000 ....R...........
0xbdaef178: c79b75d9 00007ffa f0054158 00000252 .u......XA..R...
0xbdaef188: c7d1457f 00007ffa 00000001 00000000 .E..............
0xbdaef198: 00000255 00000000 00000255 00007ffa U.......U.......
0xbdaef1a8: c79b75d9 00007ffa 00000000 00000000 .u..............
0xbdaef1b8: 00000005 00000000 00000000 00000000 ................
0xbdaef1c8: 10010760 00000253 0000004f 00000000 `...S...O.......
0xbdaef1d8: 00000000 00000000 00000000 00000000 ................
0xbdaef1e8: c7cfde06 00007ffa 00000000 00000000 ................
0xbdaef1f8: bdaef259 000000ad 10010760 00000253 Y.......`...S...
0xbdaef208: 00000000 000000ad c8de9e00 00007ffa ................
0xbdaef218: c79b443a 00007ffa 00000009 00000000 :D..............
0xbdaef228: 00000000 00000000 00000000 00000000 ................
0xbdaef238: 00000000 00000000 c8d6fb30 00007ffa ........0.......
0xbdaef248: bc544545 3783d80d ba5d8d71 5fe9d7c1 EET....7q.]...._
0xbdaef258: 00000000 00000000 f01d85e0 00000252 ............R...
0xbdaef268: 00000020 00000000 00000008 00000000  ...............
0xbdaef278: 00000400 00000000 00000038 00000000 ........8.......
0xbdaef288: c79b764c 00007ffa 00000003 00000000 Lv..............
0xbdaef298: 00000001 00000000 d00003d0 00000252 ............R...
0xbdaef2a8: 00000005 00000000 00000001 00000000 ................
0xbdaef2b8: c7cfd9ac 00007ffa 00000000 00000000 ................
0xbdaef2c8: 10010760 00000253 d00003d8 00000252 `...S.......R...
0xbdaef2d8: 10010760 00000253 00000400 00000000 `...S...........
0xbdaef2e8: c89eb004 00007ffa bdaef430 000000ad ........0.......
0xbdaef2f8: c79bac11 00007ffa 00000000 00007ffa ................
0xbdaef308: f09f64a0 00000252 00000035 000000ad .d..R...5.......
0xbdaef318: 00000000 00000000 00000048 00000000 ........H.......
0xbdaef328: 87f3935d 00000014 bdaef400 000000ad ]...............
0xbdaef338: bdaef3a0 000000ad b00027f0 00000252 .........'..R...
0xbdaef348: c7d5af9d 00007ffa b00027f0 00000252 .........'..R...
0xbdaef358: 000002d2 00000000 00000001 00000000 ................
0xbdaef368: c79c6387 00007ffa 00000000 00000000 .c..............
0xbdaef378: 00000000 00000000 f007ab30 00000252 ........0...R...
0xbdaef388: f01d6e30 00000252 aaaaaaab 2aaaaaaa 0n..R..........*
0xbdaef398: 00000001 00000000 00000020 00000000 ........ .......
0xbdaef3a8: f09f6ab0 00000252 d00003d0 00000252 .j..R.......R...
0xbdaef3b8: c7d5b434 00007ffa 00000000 00000000 4...............
0xbdaef3c8: 000002d2 000000ad bdaef430 000000ad ........0.......
0xbdaef3d8: f09f6ab0 00000252 c8ab5fb8 00007ffa .j..R...._......
0xbdaef3e8: 00000000 00000000 f05f0b90 00000252 .........._.R...
0xbdaef3f8: c7d497d7 00007ffa f09f6ab0 00000252 .........j..R...
0xbdaef408: c8b49f6c 00007ffa 00000001 00000000 l...............
0xbdaef418: f05f0b90 00000252 ffffffff 000000ad .._.R...........
0xbdaef428: 00000000 00000000 d00003d0 00000252 ............R...
0xbdaef438: 00000001 00000000 00000001 00000000 ................
0xbdaef448: 00000002 00000000 d0000010 00000252 ............R...
0xbdaef458: 00000001 00000253 00000000 00000000 ....S...........
0xbdaef468: 00000002 00000000 d0000040 00000252 ........@...R...
0xbdaef478: 00000001 00000000 00000000 00000000 ................
0xbdaef488: 00000002 00000000 d0000070 00000252 ........p...R...
0xbdaef498: 00000001 00000000 00000000 00000000 ................
0xbdaef4a8: 00000002 00000000 d00000a0 00000252 ............R...
0xbdaef4b8: 00000001 00007ffa 00000000 00000000 ................
0xbdaef4c8: 00000002 00000000 d00000d0 00000252 ............R...
0xbdaef4d8: 00000001 00000000 00000000 00000000 ................
0xbdaef4e8: 00000002 00000000 d0000100 00000252 ............R...
0xbdaef4f8: 00000001 00007ffa 00000000 00000000 ................
0xbdaef508: 00000002 00000000 d0000130 00000252 ........0...R...
0xbdaef518: 00000001 00000000 00000000 00000000 ................
0xbdaef528: 00000002 00000000 d0000160 00000252 ........`...R...
0xbdaef538: 00000001 00007ffa 00000000 00000000 ................
0xbdaef548: 00000002 00000000 d0000190 00000252 ............R...
0xbdaef558: 00000001 00000000 00000000 00000000 ................
0xbdaef568: 00000002 00000000 d00001c0 00000252 ............R...
0xbdaef578: 00000001 00007ffa 00000000 00000000 ................
0xbdaef588: 00000002 00000000 d00001f0 00000252 ............R...
0xbdaef598: 00000001 00007ffa 00000000 00000000 ................
0xbdaef5a8: 00000002 00000000 d0000220 00000252 ........ ...R...
0xbdaef5b8: 00000001 00000000 00000000 00000000 ................
0xbdaef5c8: 00000002 00000000 d0000250 00000252 ........P...R...
0xbdaef5d8: 00000001 00007ffa 00000000 00000000 ................
0xbdaef5e8: 00000002 00000000 d0000280 00000252 ............R...
0xbdaef5f8: 00000001 00000000 00000000 00000000 ................
0xbdaef608: 00000002 00000000 d00002b0 00000252 ............R...
0xbdaef618: 00000001 00007ffa 00000000 00000000 ................
0xbdaef628: 00000002 00000000 d00002e0 00000252 ............R...
0xbdaef638: 00000001 00000000 00000000 00000000 ................
0xbdaef648: 00000002 00000000 d0000310 00000252 ............R...
0xbdaef658: 00000001 000000ad 00000000 00000000 ................
0xbdaef668: 00000002 00000000 d0000340 00000252 ........@...R...
0xbdaef678: 00000001 00000000 00000000 00000000 ................
0xbdaef688: 00000002 00000000 d0000370 00000252 ........p...R...
0xbdaef698: 00000001 00007ffa 00000000 00000000 ................
0xbdaef6a8: 00000002 00000000 d00003a0 00000252 ............R...
0xbdaef6b8: 00000001 00000000 00000000 00000000 ................
0xbdaef6c8: 00000002 00000000 000002d2 00000000 ................
0xbdaef6d8: 00000002 00000000 00000002 00000000 ................
0xbdaef6e8: c7d49be0 00007ffa 00000002 00007ffa ................
0xbdaef6f8: f05f0b90 00000252 00000001 00000000 .._.R...........
0xbdaef708: f05f0b90 00000252 00000000 00000000 .._.R...........
0xbdaef718: c7d4bf01 00007ffa 10010760 00000253 ........`...S...
0xbdaef728: 00000003 00000000 f05f0b90 00000252 .........._.R...
0xbdaef738: f05f0b90 00000252 100020b8 00000253 .._.R.... ..S...
0xbdaef748: 00000000 00000252 100020b8 00000253 ....R.... ..S...
0xbdaef758: 00000000 00000252 00000012 00000000 ....R...........
0xbdaef768: 10032330 00000253 10036430 00000253 0#..S...0d..S...
0xbdaef778: c79c62a9 00007ffa 00000006 00000000 .b..............
0xbdaef788: f05f0b90 00000252 00000006 00000000 .._.R...........
0xbdaef798: b00027f0 00000252 ffffffff ffffffff .'..R...........
0xbdaef7a8: c74f82c1 00007ffa 00000001 00000000 ..O.............
0xbdaef7b8: 000002d2 00000000 bdaef889 000000ad ................
0xbdaef7c8: 00000012 00000000 f01d6e30 00000252 ........0n..R...
0xbdaef7d8: f01d6e30 00000252 00000012 00000000 0n..R...........
0xbdaef7e8: c79c5bf2 00007ffa 000002d2 00000000 .[..............
0xbdaef7f8: bdaef910 000000ad ffffffff ffffffff ................
0xbdaef808: c79c5713 00007ffa 00000000 00000000 .W..............
0xbdaef818: 00000000 00000000 000002d2 00000000 ................
0xbdaef828: b00a9a30 00000252 00000012 00000000 0...R...........
0xbdaef838: b00a9a30 00000252 00000012 00000000 0...R...........
0xbdaef848: 00000005 00007ffa 00000012 00000000 ................
0xbdaef858: 00000049 00007ffa 000000e8 00000000 I...............
0xbdaef868: f05f0b90 00000252 00000000 00000000 .._.R...........
0xbdaef878: 00000001 00000000 00000000 00000000 ................
0xbdaef888: c79cdb8f 00007ffa d0000010 00000252 ............R...
0xbdaef898: 0000004e 00000000 00000000 00000000 N...............
0xbdaef8a8: 00000000 00000000 00000000 00000000 ................
0xbdaef8b8: ffffffff ffffffff 0000001e 00000000 ................
0xbdaef8c8: 00000000 00000000 d0000010 00000252 ............R...
0xbdaef8d8: 00000000 00000000 00000000 00000000 ................
0xbdaef8e8: c7bb919b 00007ffa 0000004e 00000000 ........N.......
0xbdaef8f8: 00000000 00000000 c8ab5fd0 00007ffa ........._......
0xbdaef908: ffffffff 00000252 00000050 0000002b ....R...P...+...
0xbdaef918: 00000000 00000000 00000001 00000000 ................
0xbdaef928: 00000000 00000000 04fa0000 00000000 ................
0xbdaef938: 00000000 00000000 00000000 00000000 ................
0xbdaef948: ffffffff ffffffff 00000000 00000000 ................
0xbdaef958: 00000049 00000000 00000000 00000000 I...............
0xbdaef968: c7971a99 00007ffa 0000004e 00000000 ........N.......
0xbdaef978: 0000004e 00000000 00000000 00000000 N...............
0xbdaef988: d0000010 00000252 00000000 00000000 ....R...........
0xbdaef998: 00000000 00000000 00000000 00000000 ................
0xbdaef9a8: 00000000 00000000 00000000 00000000 ................
0xbdaef9b8: 00000000 00000000 00000000 00000000 ................
0xbdaef9c8: 00000000 00000000 c8a96af8 00007ffa .........j......
0xbdaef9d8: 0000000b 00000000 00000000 00000000 ................
0xbdaef9e8: 20656854 206e7546 706d6950 00000073 The Fun Pimps...
0xbdaef9f8: 0000000d 00000000 00000049 00000000 ........I.......
0xbdaefa08: 00000000 00000000 00000000 00000000 ................
0xbdaefa18: d0000260 00000252 0000005d 00000000 `...R...].......
0xbdaefa28: 00000000 00000000 0000005d 00000000 ........].......
0xbdaefa38: 00000001 00000000 b0000990 00000252 ............R...
0xbdaefa48: 00000019 00000000 00000000 00000000 ................
0xbdaefa58: 0000000d 00000000 00000049 00000000 ........I.......
0xbdaefa68: b0013490 00000252 0000004e 00000000 .4..R...N.......
0xbdaefa78: b0013490 00000252 0000004e 00000000 .4..R...N.......
0xbdaefa88: 00000000 00000000 0000004e 00000000 ........N.......
0xbdaefa98: 00000049 00000000 00000000 00000000 I...............
0xbdaefaa8: 00000000 00000000 00000000 00000000 ................
0xbdaefab8: 00000000 00000000 00000000 00000000 ................
0xbdaefac8: 00000000 00000000 00000000 00000000 ................
0xbdaefad8: 00000000 00000000 eff517e0 00007ff6 ................
0xbdaefae8: 00008001 00000000 00000000 00000000 ................
0xbdaefaf8: 00000000 00000000 00000002 00000000 ................
0xbdaefb08: 00000000 00000000 00000000 00000000 ................
0xbdaefb18: c7940d20 00007ffa 00000001 00000000  ...............
0xbdaefb28: c7940f70 00007ffa c7940dd0 00007ffa p...............
0xbdaefb38: 00000002 00000000 c7941110 00007ffa ................
0xbdaefb48: c7941110 00007ffa c796ac50 00007ffa ........P.......
0xbdaefb58: 0a9b0000 00000252 0a9b1000 00000252 ....R.......R...
0xbdaefb68: 00003000 00000000 00001000 00000000 .0..............
0xbdaefb78: 00000090 00000000 00000218 00000000 ................
0xbdaefb88: 0000021c 00000000 00000220 00000000 ........ .......
0xbdaefb98: 00000230 00000000 0000022c 00000000 0.......,.......
0xbdaefba8: ffffffff ffffffff ffffffff 00000000 ................
0xbdaefbb8: 00000000 00000000 00000000 00000000 ................
0xbdaefbc8: 000000c8 00000000 00002fc4 00460022 ........./..".F.
0xbdaefbd8: 005c003a 00610067 0065006d 005c0073 :.\.g.a.m.e.s.\.
0xbdaefbe8: 00440037 00440032 0041005c 0070006c 7.D.2.D.\.A.l.p.
0xbdaefbf8: 00610068 00300032 0055005c 0064006e h.a.2.0.\.U.n.d.
0xbdaefc08: 00610065 005f0064 0065004c 00610067 e.a.d._.L.e.g.a.
0xbdaefc18: 00790063 0055005c 0064006e 00610065 c.y.\.U.n.d.e.a.
0xbdaefc28: 005f0064 0065004c 00610067 00790063 d._.L.e.g.a.c.y.
0xbdaefc38: 0045005f 00700078 00720065 006d0069 _.E.x.p.e.r.i.m.
0xbdaefc48: 006e0065 00610074 005c006c 006e0055 e.n.t.a.l.\.U.n.
0xbdaefc58: 00740069 00430079 00610072 00680073 i.t.y.C.r.a.s.h.
0xbdaefc68: 00610048 0064006e 0065006c 00360072 H.a.n.d.l.e.r.6.
0xbdaefc78: 002e0034 00780065 00220065 002d0020 4...e.x.e.". .-.
0xbdaefc88: 0061002d 00740074 00630061 00200068 -.a.t.t.a.c.h. .
0xbdaefc98: 00320037 00300030 00320020 00350035 7.2.0.0. .2.5.5.
0xbdaefca8: 00330031 00380038 00300035 00310038 1.3.8.8.5.0.8.1.
0xbdaefcb8: 00300036 00000000 00000000 00000000 6.0.............
0xbdaefcc8: 00000000 00000000 00000000 00000000 ................
0xbdaefcd8: 00000000 00000000 00000000 00000000 ................
0xbdaefce8: 00000000 00000000 00000000 00000000 ................
0xbdaefcf8: 00000000 00000000 00000000 00000000 ................
0xbdaefd08: 00000000 00000000 00000000 00000000 ................
0xbdaefd18: 00000000 00000000 00000000 00000000 ................
0xbdaefd28: 00000000 00000000 00000000 00000000 ................
0xbdaefd38: 00000000 00000000 00000000 00000000 ................
0xbdaefd48: 00000000 00000000 00000000 00000000 ................
0xbdaefd58: 00000000 00000000 00000000 00000000 ................
0xbdaefd68: 00000000 00000000 00000000 00000000 ................
0xbdaefd78: 00000000 00000000 00000000 00000000 ................
0xbdaefd88: 00000000 00000000 00000000 00000000 ................
0xbdaefd98: 00000000 00000000 00000000 00000000 ................
0xbdaefda8: 00000000 00000000 00000000 00000000 ................
0xbdaefdb8: 00000000 00000000 00000000 00000000 ................
0xbdaefdc8: 00000000 00000000 00000000 00000000 ................
0xbdaefdd8: 00000000 00000000 00000000 00000000 ................
0xbdaefde8: 00000000 00000000 00000000 00000000 ................
0xbdaefdf8: 00000000 00000000 00000000 00000000 ................
0xbdaefe08: 00000000 00000000 00000000 00000000 ................
0xbdaefe18: 00000000 00000000 00000000 00000000 ................
0xbdaefe28: 00000000 00000000 00000000 00000000 ................
0xbdaefe38: 00000000 00000000 00000000 00000000 ................
0xbdaefe48: 00000000 00000000 00000000 00000000 ................
0xbdaefe58: 00000000 00000000 00000000 00000000 ................
0xbdaefe68: 00000000 00000000 00000000 00000000 ................
0xbdaefe78: 00000000 00000000 00000000 00000000 ................
0xbdaefe88: 00000000 00000000 00000000 00000000 ................
0xbdaefe98: 00000000 00000000 00000000 00000000 ................
0xbdaefea8: 00000000 00000000 00000000 00000000 ................
0xbdaefeb8: 00000000 00000000 00000000 00000000 ................
0xbdaefec8: 00000000 00000000 00000000 00000000 ................
0xbdaefed8: 00000000 00000000 00000000 00000000 ................
0xbdaefee8: 00000000 00000000 00000000 00000000 ................
0xbdaefef8: 00000000 00000000 00000000 00000000 ................
0xbdaeff08: 00000000 00000000 00000000 00000000 ................
0xbdaeff18: 00000000 00000000 00000000 00000000 ................
0xbdaeff28: 00000000 00000000 00000000 00000000 ................
0xbdaeff38: 00000000 00000000 00000000 00000000 ................
0xbdaeff48: 00000000 00000000 00000000 00000000 ................
0xbdaeff58: 00000000 00000000 00000000 00000000 ................
0xbdaeff68: 00000000 00000000 00000000 00000000 ................
0xbdaeff78: 00000000 00000000 00000000 00000000 ................
0xbdaeff88: 00000000 00000000 00000000 00000000 ................
0xbdaeff98: 00000000 00000000 00000000 00000000 ................
0xbdaeffa8: 00000000 00000000 00000000 00000000 ................
0xbdaeffb8: 00000000 00000000 00000000 00000000 ................
0xbdaeffc8: 00000000 00000000 00000000 00000000 ................
0xbdaeffd8: 00000000 00000000 00000000 00000000 ................
0xbdaeffe8: 00000000 00000000 00000000 00000000 ................
0xbdaefff8: 00000000 00000000 00000000 00000000 ................
0xbdaf0008: 00000000 00000000 00000000 00000000 ................
0xbdaf0018: 00000000 00000000 00000000 00000000 ................
0xbdaf0028: 00000000 00000000 00000000 00000000 ................
0xbdaf0038: 00000000 00000000 00000000 00000000 ................
0xbdaf0048: 00000000 00000000 00000000 00000000 ................
0xbdaf0058: 00000000 00000000 00000000 00000000 ................
0xbdaf0068: 00000000 00000000 00000000 00000000 ................
0xbdaf0078: 00000000 00000000 00000000 00000000 ................
0xbdaf0088: 00000000 00000000 00000000 00000000 ................
0xbdaf0098: 00000000 00000000 00000000 00000000 ................
0xbdaf00a8: 00000000 00000000 00000000 00000000 ................
0xbdaf00b8: 00000000 00000000 00000000 00000000 ................
0xbdaf00c8: 00000000 00000000 00000000 00000000 ................
0xbdaf00d8: 00000000 00000000 00000000 00000000 ................
0xbdaf00e8: 00000000 00000000 00000000 00000000 ................
0xbdaf00f8: 00000000 00000000 00000000 00000000 ................
0xbdaf0108: 00000000 00000000 00000000 00000000 ................
0xbdaf0118: 00000000 00000000 00000000 00000000 ................
0xbdaf0128: 00000000 00000000 00000000 00000000 ................
0xbdaf0138: 00000000 00000000 00000000 00000000 ................
0xbdaf0148: 00000000 00000000 00000000 00000000 ................
0xbdaf0158: 00000000 00000000 00000000 00000000 ................
0xbdaf0168: 00000000 00000000 00000000 00000000 ................
0xbdaf0178: 00000000 00000000 00000000 00000000 ................
0xbdaf0188: 00000000 00000000 00000000 00000000 ................
0xbdaf0198: 00000000 00000000 00000000 00000000 ................
0xbdaf01a8: 00000000 00000000 00000000 00000000 ................
0xbdaf01b8: 00000000 00000000 00000000 00000000 ................
0xbdaf01c8: 00000000 00000000 00000000 00000000 ................
0xbdaf01d8: 00000000 00000000 00000000 00000000 ................
0xbdaf01e8: 00000000 00000000 00000000 00000000 ................
0xbdaf01f8: 00000000 00000000 00000000 00000000 ................
0xbdaf0208: 00000000 00000000 00000000 00000000 ................
0xbdaf0218: 00000000 00000000 00000000 00000000 ................
0xbdaf0228: 00000000 00000000 00000000 00000000 ................
0xbdaf0238: 00000000 00000000 00000000 00000000 ................
0xbdaf0248: 00000000 00000000 00000000 00000000 ................
0xbdaf0258: 00000000 00000000 00000000 00000000 ................
0xbdaf0268: 00000000 00000000 00000000 00000000 ................
0xbdaf0278: 00000000 00000000 00000000 00000000 ................
0xbdaf0288: 00000000 00000000 00000000 00000000 ................
0xbdaf0298: 00000000 00000000 00000000 00000000 ................
0xbdaf02a8: 00000000 00000000 00000000 00000000 ................
0xbdaf02b8: 00000000 00000000 00000000 00000000 ................
0xbdaf02c8: 00000000 00000000 00000000 00000000 ................
0xbdaf02d8: 00000000 00000000 00000000 00000000 ................
0xbdaf02e8: 00000000 00000000 00000000 00000000 ................
0xbdaf02f8: 00000000 00000000 00000000 00000000 ................
0xbdaf0308: 00000000 00000000 00000000 00000000 ................
0xbdaf0318: 00000000 00000000 00000000 00000000 ................
0xbdaf0328: 00000000 00000000 00000000 00000000 ................
0xbdaf0338: 00000000 00000000 00000000 00000000 ................
0xbdaf0348: 00000000 00000000 00000000 00000000 ................
0xbdaf0358: 00000000 00000000 00000000 00000000 ................
0xbdaf0368: 00000000 00000000 00000000 00000000 ................
0xbdaf0378: 00000000 00000000 00000000 00000000 ................
0xbdaf0388: 00000000 00000000 00000000 00000000 ................
0xbdaf0398: 00000000 00000000 00000000 00000000 ................
0xbdaf03a8: 00000000 00000000 00000000 00000000 ................
0xbdaf03b8: 00000000 00000000 00000000 00000000 ................
0xbdaf03c8: 00000000 00000000 00000000 00000000 ................
0xbdaf03d8: 00000000 00000000 00000000 00000000 ................
0xbdaf03e8: 00000000 00000000 00000000 00000000 ................
0xbdaf03f8: 00000000 00000000 00000000 00000000 ................
0xbdaf0408: 00000000 00000000 00000000 00000000 ................
0xbdaf0418: 00000000 00000000 00000000 00000000 ................
0xbdaf0428: 00000000 00000000 00000000 00000000 ................
0xbdaf0438: 00000000 00000000 00000000 00000000 ................
0xbdaf0448: 00000000 00000000 00000000 00000000 ................
0xbdaf0458: 00000000 00000000 00000000 00000000 ................
0xbdaf0468: 00000000 00000000 00000000 00000000 ................
0xbdaf0478: 00000000 00000000 00000000 00000000 ................
0xbdaf0488: 00000000 00000000 00000000 00000000 ................
0xbdaf0498: 00000000 00000000 00000000 00000000 ................
0xbdaf04a8: 00000000 00000000 00000000 00000000 ................
0xbdaf04b8: 00000000 00000000 00000000 00000000 ................
0xbdaf04c8: 00000000 00000000 00000000 00000000 ................
0xbdaf04d8: 00000000 00000000 00000000 00000000 ................
0xbdaf04e8: 00000000 00000000 00000000 00000000 ................
0xbdaf04f8: 00000000 00000000 00000000 00000000 ................
0xbdaf0508: 00000000 00000000 00000000 00000000 ................
0xbdaf0518: 00000000 00000000 00000000 00000000 ................
0xbdaf0528: 00000000 00000000 00000000 00000000 ................
0xbdaf0538: 00000000 00000000 00000000 00000000 ................
0xbdaf0548: 00000000 00000000 00000000 00000000 ................
0xbdaf0558: 00000000 00000000 00000000 00000000 ................
0xbdaf0568: 00000000 00000000 00000000 00000000 ................
0xbdaf0578: 00000000 00000000 00000000 00000000 ................
0xbdaf0588: 00000000 00000000 00000000 00000000 ................
0xbdaf0598: 00000000 00000000 00000000 00000000 ................
0xbdaf05a8: 00000000 00000000 00000000 00000000 ................
0xbdaf05b8: 00000000 00000000 00000000 00000000 ................
0xbdaf05c8: 00000000 00000000 00000000 00000000 ................
0xbdaf05d8: 00000000 00000000 00000000 00000000 ................
0xbdaf05e8: 00000000 00000000 00000000 00000000 ................
0xbdaf05f8: 00000000 00000000 00000000 00000000 ................
0xbdaf0608: 00000000 00000000 00000000 00000000 ................
0xbdaf0618: 00000000 00000000 00000000 00000000 ................
0xbdaf0628: 00000000 00000000 00000000 00000000 ................
0xbdaf0638: 00000000 00000000 00000000 00000000 ................
0xbdaf0648: 00000000 00000000 00000000 00000000 ................
0xbdaf0658: 00000000 00000000 00000000 00000000 ................
0xbdaf0668: 00000000 00000000 00000000 00000000 ................
0xbdaf0678: 00000000 00000000 00000000 00000000 ................
0xbdaf0688: 00000000 00000000 00000000 00000000 ................
0xbdaf0698: 00000000 00000000 00000000 00000000 ................
0xbdaf06a8: 00000000 00000000 00000000 00000000 ................
0xbdaf06b8: 00000000 00000000 00000000 00000000 ................
0xbdaf06c8: 00000000 00000000 00000000 00000000 ................
0xbdaf06d8: 00000000 00000000 00000000 00000000 ................
0xbdaf06e8: 00000000 00000000 00000000 00000000 ................
0xbdaf06f8: 00000000 00000000 00000000 00000000 ................
0xbdaf0708: 00000000 00000000 00000000 00000000 ................
0xbdaf0718: 00000000 00000000 00000000 00000000 ................
0xbdaf0728: 00000000 00000000 00000000 00000000 ................
0xbdaf0738: 00000000 00000000 00000000 00000000 ................
0xbdaf0748: 00000000 00000000 00000000 00000000 ................
0xbdaf0758: 00000000 00000000 00000000 00000000 ................
0xbdaf0768: 00000000 00000000 00000000 00000000 ................
0xbdaf0778: 00000000 00000000 00000000 00000000 ................
0xbdaf0788: 00000000 00000000 00000000 00000000 ................
0xbdaf0798: 00000000 00000000 00000000 00000000 ................
0xbdaf07a8: 00000000 00000000 00000000 00000000 ................
0xbdaf07b8: 00000000 00000000 00000000 00000000 ................
0xbdaf07c8: 00000000 00000000 00000000 00000000 ................
0xbdaf07d8: 00000000 00000000 00000000 00000000 ................
0xbdaf07e8: 00000000 00000000 00000000 00000000 ................
0xbdaf07f8: 00000000 00000000 00000000 00000000 ................
0xbdaf0808: 00000000 00000000 00000000 00000000 ................
0xbdaf0818: 00000000 00000000 00000000 00000000 ................
0xbdaf0828: 00000000 00000000 00000000 00000000 ................
0xbdaf0838: 00000000 00000000 00000000 00000000 ................
0xbdaf0848: 00000000 00000000 00000000 00000000 ................
0xbdaf0858: 00000000 00000000 00000000 00000000 ................
0xbdaf0868: 00000000 00000000 00000000 00000000 ................
0xbdaf0878: 00000000 00000000 00000000 00000000 ................
0xbdaf0888: 00000000 00000000 00000000 00000000 ................
0xbdaf0898: 00000000 00000000 00000000 00000000 ................
0xbdaf08a8: 00000000 00000000 00000000 00000000 ................
0xbdaf08b8: 00000000 00000000 00000000 00000000 ................
0xbdaf08c8: 00000000 00000000 00000000 00000000 ................
0xbdaf08d8: 00000000 00000000 00000000 00000000 ................
0xbdaf08e8: 00000000 00000000 00000000 00000000 ................
0xbdaf08f8: 00000000 00000000 00000000 00000000 ................
0xbdaf0908: 00000000 00000000 00000000 00000000 ................
0xbdaf0918: 00000000 00000000 00000000 00000000 ................
0xbdaf0928: 00000000 00000000 00000000 00000000 ................
0xbdaf0938: 00000000 00000000 00000000 00000000 ................
0xbdaf0948: 00000000 00000000 00000000 00000000 ................
0xbdaf0958: 00000000 00000000 00000000 00000000 ................
0xbdaf0968: 00000000 00000000 00000000 00000000 ................
0xbdaf0978: 00000000 00000000 00000000 00000000 ................
0xbdaf0988: 00000000 00000000 00000000 00000000 ................
0xbdaf0998: 00000000 00000000 00000000 00000000 ................
0xbdaf09a8: 00000000 00000000 00000000 00000000 ................
0xbdaf09b8: 00000000 00000000 00000000 00000000 ................
0xbdaf09c8: 00000000 00000000 00000000 00000000 ................
0xbdaf09d8: 00000000 00000000 00000000 00000000 ................
0xbdaf09e8: 00000000 00000000 00000000 00000000 ................
0xbdaf09f8: 00000000 00000000 00000000 00000000 ................
0xbdaf0a08: 00000000 00000000 00000000 00000000 ................
0xbdaf0a18: 00000000 00000000 00000000 00000000 ................
0xbdaf0a28: 00000000 00000000 00000000 00000000 ................
0xbdaf0a38: 00000000 00000000 00000000 00000000 ................
0xbdaf0a48: 00000000 00000000 00000000 00000000 ................
0xbdaf0a58: 00000000 00000000 00000000 00000000 ................
0xbdaf0a68: 00000000 00000000 00000000 00000000 ................
0xbdaf0a78: 00000000 00000000 00000000 00000000 ................
0xbdaf0a88: 00000000 00000000 00000000 00000000 ................
0xbdaf0a98: 00000000 00000000 00000000 00000000 ................
0xbdaf0aa8: 00000000 00000000 00000000 00000000 ................
0xbdaf0ab8: 00000000 00000000 00000000 00000000 ................
0xbdaf0ac8: 00000000 00000000 00000000 00000000 ................
0xbdaf0ad8: 00000000 00000000 00000000 00000000 ................
0xbdaf0ae8: 00000000 00000000 00000000 00000000 ................
0xbdaf0af8: 00000000 00000000 00000000 00000000 ................
0xbdaf0b08: 00000000 00000000 00000000 00000000 ................
0xbdaf0b18: 00000000 00000000 00000000 00000000 ................
0xbdaf0b28: 00000000 00000000 00000000 00000000 ................
0xbdaf0b38: 00000000 00000000 00000000 00000000 ................
0xbdaf0b48: 00000000 00000000 00000000 00000000 ................
0xbdaf0b58: 00000000 00000000 00000000 00000000 ................
0xbdaf0b68: 00000000 00000000 00000000 00000000 ................
0xbdaf0b78: 00000000 00000000 00000000 00000000 ................
0xbdaf0b88: 00000000 00000000 00000000 00000000 ................
0xbdaf0b98: 00000000 00000000 00000000 00000000 ................
0xbdaf0ba8: 00000000 00000000 00000000 00000000 ................
0xbdaf0bb8: 00000000 00000000 00000000 00000000 ................
0xbdaf0bc8: 00000000 00000000 00000000 00000000 ................
0xbdaf0bd8: 00000000 00000000 00000000 00000000 ................
0xbdaf0be8: 00000000 00000000 00000000 00000000 ................
0xbdaf0bf8: 00000000 00000000 00000000 00000000 ................
0xbdaf0c08: 00000000 00000000 00000000 00000000 ................
0xbdaf0c18: 00000000 00000000 00000000 00000000 ................
0xbdaf0c28: 00000000 00000000 00000000 00000000 ................
0xbdaf0c38: 00000000 00000000 00000000 00000000 ................
0xbdaf0c48: 00000000 00000000 00000000 00000000 ................
0xbdaf0c58: 00000000 00000000 00000000 00000000 ................
0xbdaf0c68: 00000000 00000000 00000000 00000000 ................
0xbdaf0c78: 00000000 00000000 00000000 00000000 ................
0xbdaf0c88: 00000000 00000000 00000000 00000000 ................
0xbdaf0c98: 00000000 00000000 00000000 00000000 ................
0xbdaf0ca8: 00000000 00000000 00000000 00000000 ................
0xbdaf0cb8: 00000000 00000000 00000000 00000000 ................
0xbdaf0cc8: 00000000 00000000 00000000 00000000 ................
0xbdaf0cd8: 00000000 00000000 00000000 00000000 ................
0xbdaf0ce8: 00000000 00000000 00000000 00000000 ................
0xbdaf0cf8: 00000000 00000000 00000000 00000000 ................
0xbdaf0d08: 00000000 00000000 00000000 00000000 ................
0xbdaf0d18: 00000000 00000000 00000000 00000000 ................
0xbdaf0d28: 00000000 00000000 00000000 00000000 ................
0xbdaf0d38: 00000000 00000000 00000000 00000000 ................
0xbdaf0d48: 00000000 00000000 00000000 00000000 ................
0xbdaf0d58: 00000000 00000000 00000000 00000000 ................
0xbdaf0d68: 00000000 00000000 00000000 00000000 ................
0xbdaf0d78: 00000000 00000000 00000000 00000000 ................
0xbdaf0d88: 00000000 00000000 00000000 00000000 ................
0xbdaf0d98: 00000000 00000000 00000000 00000000 ................
0xbdaf0da8: 00000000 00000000 00000000 00000000 ................
0xbdaf0db8: 00000000 00000000 00000000 00000000 ................
0xbdaf0dc8: 00000000 00000000 00000000 00000000 ................
0xbdaf0dd8: 00000000 00000000 00000000 00000000 ................
0xbdaf0de8: 00000000 00000000 00000000 00000000 ................
0xbdaf0df8: 00000000 00000000 00000000 00000000 ................
0xbdaf0e08: 00000000 00000000 00000000 00000000 ................
0xbdaf0e18: 00000000 00000000 00000000 00000000 ................
0xbdaf0e28: 00000000 00000000 00000000 00000000 ................
0xbdaf0e38: 00000000 00000000 00000000 00000000 ................
0xbdaf0e48: 00000000 00000000 00000000 00000000 ................
0xbdaf0e58: 00000000 00000000 00000000 00000000 ................
0xbdaf0e68: 00000000 00000000 00000000 00000000 ................
0xbdaf0e78: 00000000 00000000 00000000 00000000 ................
0xbdaf0e88: 00000000 00000000 00000000 00000000 ................
0xbdaf0e98: 00000000 00000000 00000000 00000000 ................
0xbdaf0ea8: 00000000 00000000 00000000 00000000 ................
0xbdaf0eb8: 00000000 00000000 00000000 00000000 ................
0xbdaf0ec8: 00000000 00000000 00000000 00000000 ................
0xbdaf0ed8: 00000000 00000000 00000000 00000000 ................
0xbdaf0ee8: 00000000 00000000 00000000 00000000 ................
0xbdaf0ef8: 00000000 00000000 00000000 00000000 ................
0xbdaf0f08: 00000000 00000000 00000000 00000000 ................
0xbdaf0f18: 00000000 00000000 00000000 00000000 ................
0xbdaf0f28: 00000000 00000000 00000000 00000000 ................
0xbdaf0f38: 00000000 00000000 00000000 00000000 ................
0xbdaf0f48: 00000000 00000000 00000000 00000000 ................
0xbdaf0f58: 00000000 00000000 00000000 00000000 ................
0xbdaf0f68: 00000000 00000000 00000000 00000000 ................
0xbdaf0f78: 00000000 00000000 00000000 00000000 ................
0xbdaf0f88: 00000000 00000000 00000000 00000000 ................
0xbdaf0f98: 00000000 00000000 00000000 00000000 ................
0xbdaf0fa8: 00000000 00000000 00000000 00000000 ................
0xbdaf0fb8: 00000000 00000000 00000000 00000000 ................
0xbdaf0fc8: 00000000 00000000 00000000 00000000 ................
0xbdaf0fd8: 00000000 00000000 00000000 00000000 ................
0xbdaf0fe8: 00000000 00000000 00000000 00000000 ................
0xbdaf0ff8: 00000000 00000000 00000000 00000000 ................
0xbdaf1008: 00000000 00000000 00000000 00000000 ................
0xbdaf1018: 00000000 00000000 00000000 00000000 ................
0xbdaf1028: 00000000 00000000 00000000 00000000 ................
0xbdaf1038: 00000000 00000000 00000000 00000000 ................
0xbdaf1048: 00000000 00000000 00000000 00000000 ................
0xbdaf1058: 00000000 00000000 00000000 00000000 ................
0xbdaf1068: 00000000 00000000 00000000 00000000 ................
0xbdaf1078: 00000000 00000000 00000000 00000000 ................
0xbdaf1088: 00000000 00000000 00000000 00000000 ................
0xbdaf1098: 00000000 00000000 00000000 00000000 ................
0xbdaf10a8: 00000000 00000000 00000000 00000000 ................

Crash Report configuration:
 * App Name: 7 Days To Die
 * App Version: Unity 2020.3.14f1_d0d1bb862f9d
 * Mono DLL: F:\games\7D2D\Alpha20\Undead_Legacy\Undead_Legacy_Experimental\MonoBleedingEdge\EmbedRuntime\mono-2.0-bdwgc.dll
 * Bug Reporter App Path: 
 * Crash Report Path: C:\Users\alexp\AppData\Local\Temp\The Fun Pimps\7 Days To Die\Crashes
 * Is Editor: false

Crash Report metadata:

Additional report files:
 * "F:\games\7D2D\Alpha20\Undead_Legacy\Undead_Legacy_Experimental\7DaysToDie_Data\output_log.txt" (Output log file)



== [end of error.log] ==
