Mono path[0] = 'D:/7D2DModLauncher-main/ModLauncher_Data/Managed'
Mono config path = 'D:/7D2DModLauncher-main/MonoBleedingEdge/etc'
Initialize engine version: 2020.3.1f1 (77a89f25062f)
[Subsystems] Discovering subsystems at path D:/7D2DModLauncher-main/ModLauncher_Data/UnitySubsystems
GfxDevice: creating device client; threaded=1
Direct3D:
    Version:  Direct3D 11.0 [level 11.1]
    Renderer: NVIDIA GeForce RTX 2070 (ID=0x1f07)
    Vendor:   
    VRAM:     8031 MB
    Driver:   30.0.14.9676
Begin MonoManager ReloadAssembly
- Completed reload, in  2.026 seconds
D3D11 device created for Microsoft Media Foundation video decoding.
<RI> Initializing input.
<RI> Input initialized.
<RI> Initialized touch support.
UnloadTime: 0.497800 ms
Initialize Lock

Reading Latest

Reading latest_experimental

Reading alpha19.6

Reading alpha19.5

Reading alpha19.4

Reading alpha19.3

Reading alpha19.2

Reading alpha19.0

Reading alpha18.4

Reading alpha17.4

Reading alpha16.4

Reading alpha15.2

Reading alpha14.7

Reading alpha13.8

Reading alpha12.5

Reading alpha11.6

Reading alpha10.4

Reading alpha9.3

Reading alpha8.8

Reading Alpha20,https://raw.githubusercontent.com/SphereII/7D2DConfig/master/Alpha20/Default.xml

Loading Latest Alpha: https://raw.githubusercontent.com/SphereII/7D2DConfig/master/Alpha20/Default.xml ( Alpha20 )

Reading Configuration File: https://raw.githubusercontent.com/SphereII/7D2DConfig/master/TheFunPimps.xml

Done Configuration File: https://raw.githubusercontent.com/SphereII/7D2DConfig/master/TheFunPimps.xml

Reading Configuration File: https://raw.githubusercontent.com/SphereII/7D2DConfig/master/Alpha20/AOO.xml

Done Configuration File: https://raw.githubusercontent.com/SphereII/7D2DConfig/master/Alpha20/AOO.xml

Reading Configuration File: https://raw.githubusercontent.com/SphereII/7D2DConfig/master/Alpha20/War3zuk.xml

Done Configuration File: https://raw.githubusercontent.com/SphereII/7D2DConfig/master/Alpha20/War3zuk.xml

Reading Configuration File: https://ul.subquake.com/data/modlauncher/configA20.xml

Writing ModLauncher.cfg to C:\7D2D\Alpha20\Undead_Legacy\Undead_Legacy_Experimental

Done Configuration File: https://ul.subquake.com/data/modlauncher/configA20.xml

Reading Configuration File: https://pastebin.com/raw/TrA78gg0

Done Configuration File: https://pastebin.com/raw/TrA78gg0

Reading Configuration File: https://raw.githubusercontent.com/SphereII/7D2DConfig/master/Alpha20/test.xml

Done Configuration File: https://raw.githubusercontent.com/SphereII/7D2DConfig/master/Alpha20/test.xml

Reading Configuration File: https://raw.githubusercontent.com/7d2d-sorcery/Sorcery/master/SorceryMod.xml

Done Configuration File: https://raw.githubusercontent.com/7d2d-sorcery/Sorcery/master/SorceryMod.xml

Reading Configuration File: https://gitlab.com/Zilox/JokeModStable/-/raw/master/JokeModLauncherConfig.xml

Done Configuration File: https://gitlab.com/Zilox/JokeModStable/-/raw/master/JokeModLauncherConfig.xml

Reading Configuration File: https://gitlab.com/ganthegrey/greys-prophecy-config/-/raw/master/Experimental.xml

Done Configuration File: https://gitlab.com/ganthegrey/greys-prophecy-config/-/raw/master/Experimental.xml

Reading Alpha19,https://raw.githubusercontent.com/SphereII/7D2DConfig/master/Alpha19/Default.xml

Reading Alpha18,https://raw.githubusercontent.com/SphereII/7D2DConfig/master/Alpha18/Default.xml

Reading Alpha17,https://raw.githubusercontent.com/SphereII/7D2DConfig/master/Alpha17/Default.xml

Reading Alpha16,https://raw.githubusercontent.com/SphereII/7D2DConfig/master/Default.xml

Unloading 6 Unused Serialized files (Serialized files now loaded: 0)
UnloadTime: 3.740900 ms
Reading Latest

Reading latest_experimental

Reading alpha19.6

Reading alpha19.5

Reading alpha19.4

Reading alpha19.3

Reading alpha19.2

Reading alpha19.0

Reading alpha18.4

Reading alpha17.4

Reading alpha16.4

Reading alpha15.2

Reading alpha14.7

Reading alpha13.8

Reading alpha12.5

Reading alpha11.6

Reading alpha10.4

Reading alpha9.3

Reading alpha8.8

Reading Alpha20,https://raw.githubusercontent.com/SphereII/7D2DConfig/master/Alpha20/Default.xml

Loading Latest Alpha: https://raw.githubusercontent.com/SphereII/7D2DConfig/master/Alpha20/Default.xml ( Alpha20 )

Reading Configuration File: https://raw.githubusercontent.com/SphereII/7D2DConfig/master/TheFunPimps.xml

Done Configuration File: https://raw.githubusercontent.com/SphereII/7D2DConfig/master/TheFunPimps.xml

Reading Configuration File: https://raw.githubusercontent.com/SphereII/7D2DConfig/master/Alpha20/AOO.xml

Done Configuration File: https://raw.githubusercontent.com/SphereII/7D2DConfig/master/Alpha20/AOO.xml

Reading Configuration File: https://raw.githubusercontent.com/SphereII/7D2DConfig/master/Alpha20/War3zuk.xml

Done Configuration File: https://raw.githubusercontent.com/SphereII/7D2DConfig/master/Alpha20/War3zuk.xml

Reading Configuration File: https://ul.subquake.com/data/modlauncher/configA20.xml

Writing ModLauncher.cfg to C:\7D2D\Alpha20\Undead_Legacy\Undead_Legacy_Experimental

Done Configuration File: https://ul.subquake.com/data/modlauncher/configA20.xml

Reading Configuration File: https://pastebin.com/raw/TrA78gg0

Done Configuration File: https://pastebin.com/raw/TrA78gg0

Reading Configuration File: https://raw.githubusercontent.com/SphereII/7D2DConfig/master/Alpha20/test.xml

Done Configuration File: https://raw.githubusercontent.com/SphereII/7D2DConfig/master/Alpha20/test.xml

Reading Configuration File: https://raw.githubusercontent.com/7d2d-sorcery/Sorcery/master/SorceryMod.xml

Done Configuration File: https://raw.githubusercontent.com/7d2d-sorcery/Sorcery/master/SorceryMod.xml

Reading Configuration File: https://gitlab.com/Zilox/JokeModStable/-/raw/master/JokeModLauncherConfig.xml

Done Configuration File: https://gitlab.com/Zilox/JokeModStable/-/raw/master/JokeModLauncherConfig.xml

Reading Configuration File: https://gitlab.com/ganthegrey/greys-prophecy-config/-/raw/master/Experimental.xml

Done Configuration File: https://gitlab.com/ganthegrey/greys-prophecy-config/-/raw/master/Experimental.xml

Reading Alpha19,https://raw.githubusercontent.com/SphereII/7D2DConfig/master/Alpha19/Default.xml

Reading Alpha18,https://raw.githubusercontent.com/SphereII/7D2DConfig/master/Alpha18/Default.xml

Reading Alpha17,https://raw.githubusercontent.com/SphereII/7D2DConfig/master/Alpha17/Default.xml

Reading Alpha16,https://raw.githubusercontent.com/SphereII/7D2DConfig/master/Default.xml

Mods: 9

Scanning for installed mods: C:\7D2D...

Writing ModLauncher.cfg to C:\7D2D\Alpha20\Undead_Legacy\Undead_Legacy_Experimental\


Unloading 3 unused Assets to reduce memory usage. Loaded Objects now: 5009.
Total: 24.489200 ms (FindLiveObjects: 0.171700 ms CreateObjectMapping: 0.057800 ms MarkObjects: 24.249400 ms  DeleteObjects: 0.010000 ms)

Checking for Updates...

Git Filename: D:/7D2DModLauncher-main/ModLauncher_Data/StreamingAssets\Tools\Windows\PortableGit\cmd\git

Running D:/7D2DModLauncher-main/ModLauncher_Data/StreamingAssets\Tools\Windows\PortableGit\cmd\git ls-remote  https://gitlab.com/Subquake/UndeadLegacyExperimental.git from C:\7D2D\Alpha20\Undead_Legacy\Undead_Legacy_Experimental\TempMods\0-UndeadLegacyExperimental.git

eb4a52c4e1be56cf7528038ff11dc73fa4fc5b7b	HEAD

eb4a52c4e1be56cf7528038ff11dc73fa4fc5b7b	refs/heads/main

Total Time of D:/7D2DModLauncher-main/ModLauncher_Data/StreamingAssets\Tools\Windows\PortableGit\cmd\git ls-remote  https://gitlab.com/Subquake/UndeadLegacyExperimental.git is 0:00.739

Git Filename: D:/7D2DModLauncher-main/ModLauncher_Data/StreamingAssets\Tools\Windows\PortableGit\cmd\git

Running D:/7D2DModLauncher-main/ModLauncher_Data/StreamingAssets\Tools\Windows\PortableGit\cmd\git config --global http.postBuffer 524288000  from C:\7D2D\Alpha20\Undead_Legacy\Undead_Legacy_Experimental\TempMods\0-UndeadLegacyExperimental.git

Total Time of D:/7D2DModLauncher-main/ModLauncher_Data/StreamingAssets\Tools\Windows\PortableGit\cmd\git config --global http.postBuffer 524288000  is 0:00.064

Git Filename: D:/7D2DModLauncher-main/ModLauncher_Data/StreamingAssets\Tools\Windows\PortableGit\cmd\git

Running D:/7D2DModLauncher-main/ModLauncher_Data/StreamingAssets\Tools\Windows\PortableGit\cmd\git config --global core.compression 0 from C:\7D2D\Alpha20\Undead_Legacy\Undead_Legacy_Experimental\TempMods\0-UndeadLegacyExperimental.git

Total Time of D:/7D2DModLauncher-main/ModLauncher_Data/StreamingAssets\Tools\Windows\PortableGit\cmd\git config --global core.compression 0 is 0:00.066

Resetting repo

Git Filename: D:/7D2DModLauncher-main/ModLauncher_Data/StreamingAssets\Tools\Windows\PortableGit\cmd\git

Running D:/7D2DModLauncher-main/ModLauncher_Data/StreamingAssets\Tools\Windows\PortableGit\cmd\git reset --hard  from C:\7D2D\Alpha20\Undead_Legacy\Undead_Legacy_Experimental\TempMods\0-UndeadLegacyExperimental.git

HEAD is now at eb4a52c Update

Total Time of D:/7D2DModLauncher-main/ModLauncher_Data/StreamingAssets\Tools\Windows\PortableGit\cmd\git reset --hard  is 0:00.120

Download URL is https://gitlab.com/Subquake/UndeadLegacyExperimental.git Branch: main

Git Filename: D:/7D2DModLauncher-main/ModLauncher_Data/StreamingAssets\Tools\Windows\PortableGit\cmd\git

Running D:/7D2DModLauncher-main/ModLauncher_Data/StreamingAssets\Tools\Windows\PortableGit\cmd\git pull --progress --verbose --allow-unrelated-histories origin main from C:\7D2D\Alpha20\Undead_Legacy\Undead_Legacy_Experimental\TempMods\0-UndeadLegacyExperimental.git

POST git-upload-pack (315 bytes)

<color=yellow>Starting long running progress.. Please be patient.</color>

From https://gitlab.com/Subquake/UndeadLegacyExperimental

 * branch            main       -> FETCH_HEAD

 = [up to date]      main       -> origin/main

Already up to date.

Total Time of D:/7D2DModLauncher-main/ModLauncher_Data/StreamingAssets\Tools\Windows\PortableGit\cmd\git pull --progress --verbose --allow-unrelated-histories origin main is 0:00.602

Zip file detected: https://ul.subquake.com/dl/LICENSE.zip

Performing Direct Download

Downloading https://ul.subquake.com/dl/LICENSE.zip...

Creating Staging Area C:\7D2D\Alpha20\Undead_Legacy\Undead_Legacy_Experimental\TempMods\Staging

Extracting C:\7D2D\Alpha20\Undead_Legacy\Undead_Legacy_Experimental\TempMods\Staging\temp.zip to C:\7D2D\Alpha20\Undead_Legacy\Undead_Legacy_Experimental\TempMods\1-LICENSE.zip

Download State: OK for 

Scanning C:\7D2D\Alpha20\Undead_Legacy\Undead_Legacy_Experimental\TempMods\0-UndeadLegacyExperimental.git

Scanning C:\7D2D\Alpha20\Undead_Legacy\Undead_Legacy_Experimental\TempMods\0-UndeadLegacyExperimental.git

Scanning C:\7D2D\Alpha20\Undead_Legacy\Undead_Legacy_Experimental\TempMods\0-UndeadLegacyExperimental.git

Deploying C:\7D2D\Alpha20\Undead_Legacy\Undead_Legacy_Experimental\TempMods\0-UndeadLegacyExperimental.git\Mods to C:\7D2D\Alpha20\Undead_Legacy\Undead_Legacy_Experimental\Mods

Copying C:\7D2D\Alpha20\Undead_Legacy\Undead_Legacy_Experimental\TempMods\0-UndeadLegacyExperimental.git\Mods to C:\7D2D\Alpha20\Undead_Legacy\Undead_Legacy_Experimental\Mods

Copying C:\7D2D\Alpha20\Undead_Legacy\Undead_Legacy_Experimental\TempMods\0-UndeadLegacyExperimental.git\Mods\UndeadLegacy to C:\7D2D\Alpha20\Undead_Legacy\Undead_Legacy_Experimental\Mods\UndeadLegacy

Copying C:\7D2D\Alpha20\Undead_Legacy\Undead_Legacy_Experimental\TempMods\0-UndeadLegacyExperimental.git\Mods\UndeadLegacy\Config to C:\7D2D\Alpha20\Undead_Legacy\Undead_Legacy_Experimental\Mods\UndeadLegacy\Config

Copying C:\7D2D\Alpha20\Undead_Legacy\Undead_Legacy_Experimental\TempMods\0-UndeadLegacyExperimental.git\Mods\UndeadLegacy\Config\XUi to C:\7D2D\Alpha20\Undead_Legacy\Undead_Legacy_Experimental\Mods\UndeadLegacy\Config\XUi

Copying C:\7D2D\Alpha20\Undead_Legacy\Undead_Legacy_Experimental\TempMods\0-UndeadLegacyExperimental.git\Mods\UndeadLegacy\Config\XUi_Common to C:\7D2D\Alpha20\Undead_Legacy\Undead_Legacy_Experimental\Mods\UndeadLegacy\Config\XUi_Common

Copying C:\7D2D\Alpha20\Undead_Legacy\Undead_Legacy_Experimental\TempMods\0-UndeadLegacyExperimental.git\Mods\UndeadLegacy\Config\XUi_Menu to C:\7D2D\Alpha20\Undead_Legacy\Undead_Legacy_Experimental\Mods\UndeadLegacy\Config\XUi_Menu

Copying C:\7D2D\Alpha20\Undead_Legacy\Undead_Legacy_Experimental\TempMods\0-UndeadLegacyExperimental.git\Mods\UndeadLegacy\Resources to C:\7D2D\Alpha20\Undead_Legacy\Undead_Legacy_Experimental\Mods\UndeadLegacy\Resources

Copying C:\7D2D\Alpha20\Undead_Legacy\Undead_Legacy_Experimental\TempMods\0-UndeadLegacyExperimental.git\Mods\UndeadLegacy\UIAtlases to C:\7D2D\Alpha20\Undead_Legacy\Undead_Legacy_Experimental\Mods\UndeadLegacy\UIAtlases

Copying C:\7D2D\Alpha20\Undead_Legacy\Undead_Legacy_Experimental\TempMods\0-UndeadLegacyExperimental.git\Mods\UndeadLegacy\UIAtlases\ItemIconAtlas to C:\7D2D\Alpha20\Undead_Legacy\Undead_Legacy_Experimental\Mods\UndeadLegacy\UIAtlases\ItemIconAtlas

Copying C:\7D2D\Alpha20\Undead_Legacy\Undead_Legacy_Experimental\TempMods\0-UndeadLegacyExperimental.git\Mods\UndeadLegacy\UIAtlases\UIActiveItems to C:\7D2D\Alpha20\Undead_Legacy\Undead_Legacy_Experimental\Mods\UndeadLegacy\UIAtlases\UIActiveItems

Copying C:\7D2D\Alpha20\Undead_Legacy\Undead_Legacy_Experimental\TempMods\0-UndeadLegacyExperimental.git\Mods\UndeadLegacy\UIAtlases\UIAltAtlas to C:\7D2D\Alpha20\Undead_Legacy\Undead_Legacy_Experimental\Mods\UndeadLegacy\UIAtlases\UIAltAtlas

Copying C:\7D2D\Alpha20\Undead_Legacy\Undead_Legacy_Experimental\TempMods\0-UndeadLegacyExperimental.git\Mods\UndeadLegacy\UIAtlases\UIAtlas to C:\7D2D\Alpha20\Undead_Legacy\Undead_Legacy_Experimental\Mods\UndeadLegacy\UIAtlases\UIAtlas

Copying C:\7D2D\Alpha20\Undead_Legacy\Undead_Legacy_Experimental\TempMods\0-UndeadLegacyExperimental.git\Mods\UndeadLegacy\UIAtlases\UIAtlas\DEV to C:\7D2D\Alpha20\Undead_Legacy\Undead_Legacy_Experimental\Mods\UndeadLegacy\UIAtlases\UIAtlas\DEV

Copying C:\7D2D\Alpha20\Undead_Legacy\Undead_Legacy_Experimental\TempMods\0-UndeadLegacyExperimental.git\Mods\UndeadLegacy\UIAtlases\UIBackground to C:\7D2D\Alpha20\Undead_Legacy\Undead_Legacy_Experimental\Mods\UndeadLegacy\UIAtlases\UIBackground

Copying C:\7D2D\Alpha20\Undead_Legacy\Undead_Legacy_Experimental\TempMods\0-UndeadLegacyExperimental.git\Mods\UndeadLegacy\UIAtlases\UIBackground\DEV to C:\7D2D\Alpha20\Undead_Legacy\Undead_Legacy_Experimental\Mods\UndeadLegacy\UIAtlases\UIBackground\DEV

Copying C:\7D2D\Alpha20\Undead_Legacy\Undead_Legacy_Experimental\TempMods\0-UndeadLegacyExperimental.git\Mods\UndeadLegacy\UIAtlases\UIScrollTab to C:\7D2D\Alpha20\Undead_Legacy\Undead_Legacy_Experimental\Mods\UndeadLegacy\UIAtlases\UIScrollTab

Copying C:\7D2D\Alpha20\Undead_Legacy\Undead_Legacy_Experimental\TempMods\0-UndeadLegacyExperimental.git\Mods\UndeadLegacy_Content01 to C:\7D2D\Alpha20\Undead_Legacy\Undead_Legacy_Experimental\Mods\UndeadLegacy_Content01

Copying C:\7D2D\Alpha20\Undead_Legacy\Undead_Legacy_Experimental\TempMods\0-UndeadLegacyExperimental.git\Mods\UndeadLegacy_Content01\Config to C:\7D2D\Alpha20\Undead_Legacy\Undead_Legacy_Experimental\Mods\UndeadLegacy_Content01\Config

Copying C:\7D2D\Alpha20\Undead_Legacy\Undead_Legacy_Experimental\TempMods\0-UndeadLegacyExperimental.git\Mods\UndeadLegacy_Content01\Config\XUi to C:\7D2D\Alpha20\Undead_Legacy\Undead_Legacy_Experimental\Mods\UndeadLegacy_Content01\Config\XUi

Copying C:\7D2D\Alpha20\Undead_Legacy\Undead_Legacy_Experimental\TempMods\0-UndeadLegacyExperimental.git\Mods\UndeadLegacy_Content01\Prefabs to C:\7D2D\Alpha20\Undead_Legacy\Undead_Legacy_Experimental\Mods\UndeadLegacy_Content01\Prefabs

Copying C:\7D2D\Alpha20\Undead_Legacy\Undead_Legacy_Experimental\TempMods\0-UndeadLegacyExperimental.git\Mods\UndeadLegacy_Content01\Prefabs\Parts to C:\7D2D\Alpha20\Undead_Legacy\Undead_Legacy_Experimental\Mods\UndeadLegacy_Content01\Prefabs\Parts

Copying C:\7D2D\Alpha20\Undead_Legacy\Undead_Legacy_Experimental\TempMods\0-UndeadLegacyExperimental.git\Mods\UndeadLegacy_Content01\Prefabs\POIs to C:\7D2D\Alpha20\Undead_Legacy\Undead_Legacy_Experimental\Mods\UndeadLegacy_Content01\Prefabs\POIs

Copying C:\7D2D\Alpha20\Undead_Legacy\Undead_Legacy_Experimental\TempMods\0-UndeadLegacyExperimental.git\Mods\UndeadLegacy_Content01\Prefabs\RWGTiles to C:\7D2D\Alpha20\Undead_Legacy\Undead_Legacy_Experimental\Mods\UndeadLegacy_Content01\Prefabs\RWGTiles

Copying C:\7D2D\Alpha20\Undead_Legacy\Undead_Legacy_Experimental\TempMods\0-UndeadLegacyExperimental.git\Mods\UndeadLegacy_Content01\Resources to C:\7D2D\Alpha20\Undead_Legacy\Undead_Legacy_Experimental\Mods\UndeadLegacy_Content01\Resources

Copying C:\7D2D\Alpha20\Undead_Legacy\Undead_Legacy_Experimental\TempMods\0-UndeadLegacyExperimental.git\Mods\UndeadLegacy_Content01\UIAtlases to C:\7D2D\Alpha20\Undead_Legacy\Undead_Legacy_Experimental\Mods\UndeadLegacy_Content01\UIAtlases

Copying C:\7D2D\Alpha20\Undead_Legacy\Undead_Legacy_Experimental\TempMods\0-UndeadLegacyExperimental.git\Mods\UndeadLegacy_Content01\UIAtlases\ItemIconAtlas to C:\7D2D\Alpha20\Undead_Legacy\Undead_Legacy_Experimental\Mods\UndeadLegacy_Content01\UIAtlases\ItemIconAtlas

Copying C:\7D2D\Alpha20\Undead_Legacy\Undead_Legacy_Experimental\TempMods\0-UndeadLegacyExperimental.git\Mods\UndeadLegacy_Content01\UIAtlases\UIActiveItems to C:\7D2D\Alpha20\Undead_Legacy\Undead_Legacy_Experimental\Mods\UndeadLegacy_Content01\UIAtlases\UIActiveItems

Copying C:\7D2D\Alpha20\Undead_Legacy\Undead_Legacy_Experimental\TempMods\0-UndeadLegacyExperimental.git\Mods\UndeadLegacy_Content02 to C:\7D2D\Alpha20\Undead_Legacy\Undead_Legacy_Experimental\Mods\UndeadLegacy_Content02

Copying C:\7D2D\Alpha20\Undead_Legacy\Undead_Legacy_Experimental\TempMods\0-UndeadLegacyExperimental.git\Mods\UndeadLegacy_Content02\Config to C:\7D2D\Alpha20\Undead_Legacy\Undead_Legacy_Experimental\Mods\UndeadLegacy_Content02\Config

Copying C:\7D2D\Alpha20\Undead_Legacy\Undead_Legacy_Experimental\TempMods\0-UndeadLegacyExperimental.git\Mods\UndeadLegacy_Content03 to C:\7D2D\Alpha20\Undead_Legacy\Undead_Legacy_Experimental\Mods\UndeadLegacy_Content03

Copying C:\7D2D\Alpha20\Undead_Legacy\Undead_Legacy_Experimental\TempMods\0-UndeadLegacyExperimental.git\Mods\UndeadLegacy_Content03\Config to C:\7D2D\Alpha20\Undead_Legacy\Undead_Legacy_Experimental\Mods\UndeadLegacy_Content03\Config

Copying C:\7D2D\Alpha20\Undead_Legacy\Undead_Legacy_Experimental\TempMods\0-UndeadLegacyExperimental.git\Mods\UndeadLegacy_Skills to C:\7D2D\Alpha20\Undead_Legacy\Undead_Legacy_Experimental\Mods\UndeadLegacy_Skills

Copying C:\7D2D\Alpha20\Undead_Legacy\Undead_Legacy_Experimental\TempMods\0-UndeadLegacyExperimental.git\Mods\UndeadLegacy_Skills\Config to C:\7D2D\Alpha20\Undead_Legacy\Undead_Legacy_Experimental\Mods\UndeadLegacy_Skills\Config

Copying C:\7D2D\Alpha20\Undead_Legacy\Undead_Legacy_Experimental\TempMods\0-UndeadLegacyExperimental.git\Mods\UndeadLegacy_Twitch to C:\7D2D\Alpha20\Undead_Legacy\Undead_Legacy_Experimental\Mods\UndeadLegacy_Twitch

Copying C:\7D2D\Alpha20\Undead_Legacy\Undead_Legacy_Experimental\TempMods\0-UndeadLegacyExperimental.git\Mods\UndeadLegacy_Twitch\Config to C:\7D2D\Alpha20\Undead_Legacy\Undead_Legacy_Experimental\Mods\UndeadLegacy_Twitch\Config

Scanning C:\7D2D\Alpha20\Undead_Legacy\Undead_Legacy_Experimental\TempMods\0-UndeadLegacyExperimental.git

Deploying C:\7D2D\Alpha20\Undead_Legacy\Undead_Legacy_Experimental\TempMods\0-UndeadLegacyExperimental.git\BepInEx to C:\7D2D\Alpha20\Undead_Legacy\Undead_Legacy_Experimental\BepInEx

Copying C:\7D2D\Alpha20\Undead_Legacy\Undead_Legacy_Experimental\TempMods\0-UndeadLegacyExperimental.git\BepInEx to C:\7D2D\Alpha20\Undead_Legacy\Undead_Legacy_Experimental\BepInEx

Copying C:\7D2D\Alpha20\Undead_Legacy\Undead_Legacy_Experimental\TempMods\0-UndeadLegacyExperimental.git\BepInEx\core to C:\7D2D\Alpha20\Undead_Legacy\Undead_Legacy_Experimental\BepInEx\core

Copying C:\7D2D\Alpha20\Undead_Legacy\Undead_Legacy_Experimental\TempMods\0-UndeadLegacyExperimental.git\BepInEx\patchers to C:\7D2D\Alpha20\Undead_Legacy\Undead_Legacy_Experimental\BepInEx\patchers

Scanning C:\7D2D\Alpha20\Undead_Legacy\Undead_Legacy_Experimental\TempMods\0-UndeadLegacyExperimental.git

Deploying C:\7D2D\Alpha20\Undead_Legacy\Undead_Legacy_Experimental\TempMods\0-UndeadLegacyExperimental.git\doorstop_libs to C:\7D2D\Alpha20\Undead_Legacy\Undead_Legacy_Experimental\doorstop_libs

Copying C:\7D2D\Alpha20\Undead_Legacy\Undead_Legacy_Experimental\TempMods\0-UndeadLegacyExperimental.git\doorstop_libs to C:\7D2D\Alpha20\Undead_Legacy\Undead_Legacy_Experimental\doorstop_libs

Deploying C:\7D2D\Alpha20\Undead_Legacy\Undead_Legacy_Experimental\TempMods\0-UndeadLegacyExperimental.git to C:\7D2D\Alpha20\Undead_Legacy\Undead_Legacy_Experimental\

Download State: OK for 

Scanning C:\7D2D\Alpha20\Undead_Legacy\Undead_Legacy_Experimental\TempMods\1-LICENSE.zip

Scanning C:\7D2D\Alpha20\Undead_Legacy\Undead_Legacy_Experimental\TempMods\1-LICENSE.zip

Scanning C:\7D2D\Alpha20\Undead_Legacy\Undead_Legacy_Experimental\TempMods\1-LICENSE.zip

Scanning C:\7D2D\Alpha20\Undead_Legacy\Undead_Legacy_Experimental\TempMods\1-LICENSE.zip

Scanning C:\7D2D\Alpha20\Undead_Legacy\Undead_Legacy_Experimental\TempMods\1-LICENSE.zip

Deploying C:\7D2D\Alpha20\Undead_Legacy\Undead_Legacy_Experimental\TempMods\1-LICENSE.zip to C:\7D2D\Alpha20\Undead_Legacy\Undead_Legacy_Experimental\

Resetting repo

Git Filename: D:/7D2DModLauncher-main/ModLauncher_Data/StreamingAssets\Tools\Windows\PortableGit\cmd\git

Running D:/7D2DModLauncher-main/ModLauncher_Data/StreamingAssets\Tools\Windows\PortableGit\cmd\git reset --hard  from C:\7D2D\Alpha20\Undead_Legacy\Undead_Legacy_Experimental\TempMods\0-UndeadLegacyExperimental.git

HEAD is now at eb4a52c Update

Total Time of D:/7D2DModLauncher-main/ModLauncher_Data/StreamingAssets\Tools\Windows\PortableGit\cmd\git reset --hard  is 0:00.148

Resetting repo

Checking for log file C:\Users\zengr\AppData\Roaming\..\LocalLow\SphereII Software\ModLauncher\Player.log

Uploading log file C:\Users\zengr\AppData\Roaming\..\LocalLow\SphereII Software\ModLauncher\Player.log

